<html>
<head>
<title>TestNG:  verifying Clients Window</title>
<link href="../testng.css" rel="stylesheet" type="text/css" />
<link href="../my-testng.css" rel="stylesheet" type="text/css" />

<style type="text/css">
.log { display: none;} 
.stack-trace { display: none;} 
</style>
<script type="text/javascript">
<!--
function flip(e) {
  current = e.style.display;
  if (current == 'block') {
    e.style.display = 'none';
    return 0;
  }
  else {
    e.style.display = 'block';
    return 1;
  }
}

function toggleBox(szDivId, elem, msg1, msg2)
{
  var res = -1;  if (document.getElementById) {
    res = flip(document.getElementById(szDivId));
  }
  else if (document.all) {
    // this is the way old msie versions work
    res = flip(document.all[szDivId]);
  }
  if(elem) {
    if(res == 0) elem.innerHTML = msg1; else elem.innerHTML = msg2;
  }

}

function toggleAllBoxes() {
  if (document.getElementsByTagName) {
    d = document.getElementsByTagName('div');
    for (i = 0; i < d.length; i++) {
      if (d[i].className == 'log') {
        flip(d[i]);
      }
    }
  }
}

// -->
</script>

</head>
<body>
<h2 align='center'>verifying Clients Window</h2><table border='1' align="center">
<tr>
<td>Tests passed/Failed/Skipped:</td><td>6/4/0</td>
</tr><tr>
<td>Started on:</td><td>Sun Jun 27 01:42:13 PDT 2021</td>
</tr>
<tr><td>Total time:</td><td>166 seconds (166836 ms)</td>
</tr><tr>
<td>Included groups:</td><td></td>
</tr><tr>
<td>Excluded groups:</td><td></td>
</tr>
</table><p/>
<small><i>(Hover the method name to see the test class name)</i></small><p/>
<table width='100%' border='1' class='invocation-failed'>
<tr><td colspan='4' align='center'><b>FAILED TESTS</b></td></tr>
<tr><td><b>Test method</b></td>
<td width="30%"><b>Exception</b></td>
<td width="10%"><b>Time (seconds)</b></td>
<td><b>Instance</b></td>
</tr>
<tr>
<td title='ExecuteClasses.ExecuteClient.executeVerifySearchingFunctionality()'><b>executeVerifySearchingFunctionality</b><br>Test class: ExecuteClasses.ExecuteClient<br>Parameters: Middleton Grove, 3</td>
<td><div><pre>java.lang.AssertionError: The following asserts failed:
	expected [Amal xaviour] but found [Middleton Grove]
	at ExecuteClasses.ExecuteClient.executeVerifySearchingFunctionality(ExecuteClient.java:118)
	at java.util.concurrent.FutureTask.run(FutureTask.java:266)
	at java.util.concurrent.ThreadPoolExecutor.runWorker(ThreadPoolExecutor.java:1149)
	at java.util.concurrent.ThreadPoolExecutor$Worker.run(ThreadPoolExecutor.java:624)
	at java.lang.Thread.run(Thread.java:748)
... Removed 17 stack frames</pre></div><a href='#' onClick='toggleBox("stack-trace1974310753", this, "Click to show all stack frames", "Click to hide stack frames")'>Click to show all stack frames</a>
<div class='stack-trace' id='stack-trace1974310753'><pre>java.lang.AssertionError: The following asserts failed:
	expected [Amal xaviour] but found [Middleton Grove]
	at org.testng.asserts.SoftAssert.assertAll(SoftAssert.java:43)
	at ExecuteClasses.ExecuteClient.executeVerifySearchingFunctionality(ExecuteClient.java:118)
	at sun.reflect.NativeMethodAccessorImpl.invoke0(Native Method)
	at sun.reflect.NativeMethodAccessorImpl.invoke(NativeMethodAccessorImpl.java:62)
	at sun.reflect.DelegatingMethodAccessorImpl.invoke(DelegatingMethodAccessorImpl.java:43)
	at java.lang.reflect.Method.invoke(Method.java:498)
	at org.testng.internal.MethodInvocationHelper.invokeMethod(MethodInvocationHelper.java:124)
	at org.testng.internal.Invoker.invokeMethod(Invoker.java:583)
	at org.testng.internal.Invoker.invokeTestMethod(Invoker.java:719)
	at org.testng.internal.Invoker.invokeTestMethods(Invoker.java:989)
	at org.testng.internal.TestMethodWorker.invokeTestMethods(TestMethodWorker.java:125)
	at org.testng.internal.TestMethodWorker.run(TestMethodWorker.java:109)
	at org.testng.TestRunner.privateRun(TestRunner.java:648)
	at org.testng.TestRunner.run(TestRunner.java:505)
	at org.testng.SuiteRunner.runTest(SuiteRunner.java:455)
	at org.testng.SuiteRunner.access$000(SuiteRunner.java:40)
	at org.testng.SuiteRunner$SuiteWorker.run(SuiteRunner.java:489)
	at org.testng.internal.thread.ThreadUtil$1.call(ThreadUtil.java:52)
	at java.util.concurrent.FutureTask.run(FutureTask.java:266)
	at java.util.concurrent.ThreadPoolExecutor.runWorker(ThreadPoolExecutor.java:1149)
	at java.util.concurrent.ThreadPoolExecutor$Worker.run(ThreadPoolExecutor.java:624)
	at java.lang.Thread.run(Thread.java:748)
</pre></div></td>
<td>6</td>
<td>ExecuteClasses.ExecuteClient@1d16f93d</td></tr>
<tr>
<td title='ExecuteClasses.ExecuteClient.executeVerifySearchingFunctionality()'><b>executeVerifySearchingFunctionality</b><br>Test class: ExecuteClasses.ExecuteClient<br>Parameters: The Vines, 6</td>
<td><div><pre>java.lang.AssertionError: The following asserts failed:
	expected [Amal xaviour] but found [The Vines]
	at ExecuteClasses.ExecuteClient.executeVerifySearchingFunctionality(ExecuteClient.java:118)
	at java.util.concurrent.FutureTask.run(FutureTask.java:266)
	at java.util.concurrent.ThreadPoolExecutor.runWorker(ThreadPoolExecutor.java:1149)
	at java.util.concurrent.ThreadPoolExecutor$Worker.run(ThreadPoolExecutor.java:624)
	at java.lang.Thread.run(Thread.java:748)
... Removed 17 stack frames</pre></div><a href='#' onClick='toggleBox("stack-trace330028399", this, "Click to show all stack frames", "Click to hide stack frames")'>Click to show all stack frames</a>
<div class='stack-trace' id='stack-trace330028399'><pre>java.lang.AssertionError: The following asserts failed:
	expected [Amal xaviour] but found [The Vines]
	at org.testng.asserts.SoftAssert.assertAll(SoftAssert.java:43)
	at ExecuteClasses.ExecuteClient.executeVerifySearchingFunctionality(ExecuteClient.java:118)
	at sun.reflect.NativeMethodAccessorImpl.invoke0(Native Method)
	at sun.reflect.NativeMethodAccessorImpl.invoke(NativeMethodAccessorImpl.java:62)
	at sun.reflect.DelegatingMethodAccessorImpl.invoke(DelegatingMethodAccessorImpl.java:43)
	at java.lang.reflect.Method.invoke(Method.java:498)
	at org.testng.internal.MethodInvocationHelper.invokeMethod(MethodInvocationHelper.java:124)
	at org.testng.internal.Invoker.invokeMethod(Invoker.java:583)
	at org.testng.internal.Invoker.invokeTestMethod(Invoker.java:719)
	at org.testng.internal.Invoker.invokeTestMethods(Invoker.java:989)
	at org.testng.internal.TestMethodWorker.invokeTestMethods(TestMethodWorker.java:125)
	at org.testng.internal.TestMethodWorker.run(TestMethodWorker.java:109)
	at org.testng.TestRunner.privateRun(TestRunner.java:648)
	at org.testng.TestRunner.run(TestRunner.java:505)
	at org.testng.SuiteRunner.runTest(SuiteRunner.java:455)
	at org.testng.SuiteRunner.access$000(SuiteRunner.java:40)
	at org.testng.SuiteRunner$SuiteWorker.run(SuiteRunner.java:489)
	at org.testng.internal.thread.ThreadUtil$1.call(ThreadUtil.java:52)
	at java.util.concurrent.FutureTask.run(FutureTask.java:266)
	at java.util.concurrent.ThreadPoolExecutor.runWorker(ThreadPoolExecutor.java:1149)
	at java.util.concurrent.ThreadPoolExecutor$Worker.run(ThreadPoolExecutor.java:624)
	at java.lang.Thread.run(Thread.java:748)
</pre></div></td>
<td>6</td>
<td>ExecuteClasses.ExecuteClient@1d16f93d</td></tr>
<tr>
<td title='ExecuteClasses.ExecuteClient.executeVerifySearchingFunctionality()'><b>executeVerifySearchingFunctionality</b><br>Test class: ExecuteClasses.ExecuteClient<br>Parameters: Filsham Lodge, 7</td>
<td><div><pre>java.lang.AssertionError: The following asserts failed:
	expected [Amal xaviour] but found [Filsham Lodge]
	at ExecuteClasses.ExecuteClient.executeVerifySearchingFunctionality(ExecuteClient.java:118)
	at java.util.concurrent.FutureTask.run(FutureTask.java:266)
	at java.util.concurrent.ThreadPoolExecutor.runWorker(ThreadPoolExecutor.java:1149)
	at java.util.concurrent.ThreadPoolExecutor$Worker.run(ThreadPoolExecutor.java:624)
	at java.lang.Thread.run(Thread.java:748)
... Removed 17 stack frames</pre></div><a href='#' onClick='toggleBox("stack-trace560174135", this, "Click to show all stack frames", "Click to hide stack frames")'>Click to show all stack frames</a>
<div class='stack-trace' id='stack-trace560174135'><pre>java.lang.AssertionError: The following asserts failed:
	expected [Amal xaviour] but found [Filsham Lodge]
	at org.testng.asserts.SoftAssert.assertAll(SoftAssert.java:43)
	at ExecuteClasses.ExecuteClient.executeVerifySearchingFunctionality(ExecuteClient.java:118)
	at sun.reflect.NativeMethodAccessorImpl.invoke0(Native Method)
	at sun.reflect.NativeMethodAccessorImpl.invoke(NativeMethodAccessorImpl.java:62)
	at sun.reflect.DelegatingMethodAccessorImpl.invoke(DelegatingMethodAccessorImpl.java:43)
	at java.lang.reflect.Method.invoke(Method.java:498)
	at org.testng.internal.MethodInvocationHelper.invokeMethod(MethodInvocationHelper.java:124)
	at org.testng.internal.Invoker.invokeMethod(Invoker.java:583)
	at org.testng.internal.Invoker.invokeTestMethod(Invoker.java:719)
	at org.testng.internal.Invoker.invokeTestMethods(Invoker.java:989)
	at org.testng.internal.TestMethodWorker.invokeTestMethods(TestMethodWorker.java:125)
	at org.testng.internal.TestMethodWorker.run(TestMethodWorker.java:109)
	at org.testng.TestRunner.privateRun(TestRunner.java:648)
	at org.testng.TestRunner.run(TestRunner.java:505)
	at org.testng.SuiteRunner.runTest(SuiteRunner.java:455)
	at org.testng.SuiteRunner.access$000(SuiteRunner.java:40)
	at org.testng.SuiteRunner$SuiteWorker.run(SuiteRunner.java:489)
	at org.testng.internal.thread.ThreadUtil$1.call(ThreadUtil.java:52)
	at java.util.concurrent.FutureTask.run(FutureTask.java:266)
	at java.util.concurrent.ThreadPoolExecutor.runWorker(ThreadPoolExecutor.java:1149)
	at java.util.concurrent.ThreadPoolExecutor$Worker.run(ThreadPoolExecutor.java:624)
	at java.lang.Thread.run(Thread.java:748)
</pre></div></td>
<td>7</td>
<td>ExecuteClasses.ExecuteClient@1d16f93d</td></tr>
<tr>
<td title='ExecuteClasses.ExecuteClient.executeVerifyclientsSearchName()'><b>executeVerifyclientsSearchName</b><br>Test class: ExecuteClasses.ExecuteClient</td>
<td><div><pre>java.lang.AssertionError: The following asserts failed:
	expected [Amal xaviour] but found [Claydon]
	at ExecuteClasses.ExecuteClient.executeVerifyclientsSearchName(ExecuteClient.java:102)
	at java.util.concurrent.FutureTask.run(FutureTask.java:266)
	at java.util.concurrent.ThreadPoolExecutor.runWorker(ThreadPoolExecutor.java:1149)
	at java.util.concurrent.ThreadPoolExecutor$Worker.run(ThreadPoolExecutor.java:624)
	at java.lang.Thread.run(Thread.java:748)
... Removed 17 stack frames</pre></div><a href='#' onClick='toggleBox("stack-trace2132534217", this, "Click to show all stack frames", "Click to hide stack frames")'>Click to show all stack frames</a>
<div class='stack-trace' id='stack-trace2132534217'><pre>java.lang.AssertionError: The following asserts failed:
	expected [Amal xaviour] but found [Claydon]
	at org.testng.asserts.SoftAssert.assertAll(SoftAssert.java:43)
	at ExecuteClasses.ExecuteClient.executeVerifyclientsSearchName(ExecuteClient.java:102)
	at sun.reflect.NativeMethodAccessorImpl.invoke0(Native Method)
	at sun.reflect.NativeMethodAccessorImpl.invoke(NativeMethodAccessorImpl.java:62)
	at sun.reflect.DelegatingMethodAccessorImpl.invoke(DelegatingMethodAccessorImpl.java:43)
	at java.lang.reflect.Method.invoke(Method.java:498)
	at org.testng.internal.MethodInvocationHelper.invokeMethod(MethodInvocationHelper.java:124)
	at org.testng.internal.Invoker.invokeMethod(Invoker.java:583)
	at org.testng.internal.Invoker.invokeTestMethod(Invoker.java:719)
	at org.testng.internal.Invoker.invokeTestMethods(Invoker.java:989)
	at org.testng.internal.TestMethodWorker.invokeTestMethods(TestMethodWorker.java:125)
	at org.testng.internal.TestMethodWorker.run(TestMethodWorker.java:109)
	at org.testng.TestRunner.privateRun(TestRunner.java:648)
	at org.testng.TestRunner.run(TestRunner.java:505)
	at org.testng.SuiteRunner.runTest(SuiteRunner.java:455)
	at org.testng.SuiteRunner.access$000(SuiteRunner.java:40)
	at org.testng.SuiteRunner$SuiteWorker.run(SuiteRunner.java:489)
	at org.testng.internal.thread.ThreadUtil$1.call(ThreadUtil.java:52)
	at java.util.concurrent.FutureTask.run(FutureTask.java:266)
	at java.util.concurrent.ThreadPoolExecutor.runWorker(ThreadPoolExecutor.java:1149)
	at java.util.concurrent.ThreadPoolExecutor$Worker.run(ThreadPoolExecutor.java:624)
	at java.lang.Thread.run(Thread.java:748)
</pre></div></td>
<td>6</td>
<td>ExecuteClasses.ExecuteClient@1d16f93d</td></tr>
</table><p>
<table width='100%' border='1' class='invocation-passed'>
<tr><td colspan='4' align='center'><b>PASSED TESTS</b></td></tr>
<tr><td><b>Test method</b></td>
<td width="30%"><b>Exception</b></td>
<td width="10%"><b>Time (seconds)</b></td>
<td><b>Instance</b></td>
</tr>
<tr>
<td title='ExecuteClasses.ExecuteClient.executeEditDetailsOfGrid()'><b>executeEditDetailsOfGrid</b><br>Test class: ExecuteClasses.ExecuteClient</td>
<td></td>
<td>7</td>
<td>ExecuteClasses.ExecuteClient@1d16f93d</td></tr>
<tr>
<td title='ExecuteClasses.ExecuteClient.executeVerifyClientTitle()'><b>executeVerifyClientTitle</b><br>Test class: ExecuteClasses.ExecuteClient</td>
<td></td>
<td>5</td>
<td>ExecuteClasses.ExecuteClient@1d16f93d</td></tr>
<tr>
<td title='ExecuteClasses.ExecuteClient.executeVerifyClientsIdsearchBarText()'><b>executeVerifyClientsIdsearchBarText</b><br>Test class: ExecuteClasses.ExecuteClient</td>
<td></td>
<td>5</td>
<td>ExecuteClasses.ExecuteClient@1d16f93d</td></tr>
<tr>
<td title='ExecuteClasses.ExecuteClient.executeVerifyClientsNameSearchBarText()'><b>executeVerifyClientsNameSearchBarText</b><br>Test class: ExecuteClasses.ExecuteClient</td>
<td></td>
<td>5</td>
<td>ExecuteClasses.ExecuteClient@1d16f93d</td></tr>
<tr>
<td title='ExecuteClasses.ExecuteClient.executeVerifyClientsWindowVisibility()'><b>executeVerifyClientsWindowVisibility</b><br>Test class: ExecuteClasses.ExecuteClient</td>
<td></td>
<td>5</td>
<td>ExecuteClasses.ExecuteClient@1d16f93d</td></tr>
<tr>
<td title='ExecuteClasses.ExecuteClient.executeVerifyNamesOfGrid()'><b>executeVerifyNamesOfGrid</b><br>Test class: ExecuteClasses.ExecuteClient</td>
<td></td>
<td>6</td>
<td>ExecuteClasses.ExecuteClient@1d16f93d</td></tr>
</table><p>
</body>
</html>