<?xml version="1.0" encoding="UTF-8"?>
<!-- Generated by org.testng.reporters.JUnitXMLReporter -->
<testsuite hostname="DESKTOP-998S31Q" ignored="0" name="Verifying Login function" tests="11" failures="2" timestamp="27 Jun 2021 08:45:39 GMT" time="205.188" errors="0">
  <testcase name="executeLoginFunction" time="3.569" classname="ExecuteClasses.ExecuteLogin"/>
  <testcase name="executeVerifyCheckBoxFunction" time="0.446" classname="ExecuteClasses.ExecuteLogin"/>
  <testcase name="executeVerifyErrorMessage" time="1.355" classname="ExecuteClasses.ExecuteLogin"/>
  <testcase name="executeVerifyResetLink" time="0.05" classname="ExecuteClasses.ExecuteLogin"/>
  <testcase name="createNewWorker" time="42.24" classname="ExecuteClasses.ExecuteWorkers">
    <failure type="org.openqa.selenium.ElementNotInteractableException" message="element not interactable
  (Session info: chrome=91.0.4472.114)
Build info: version: &amp;apos;3.141.59&amp;apos;, revision: &amp;apos;e82be7d358&amp;apos;, time: &amp;apos;2018-11-14T08:17:03&amp;apos;
System info: host: &amp;apos;DESKTOP-998S31Q&amp;apos;, ip: &amp;apos;192.168.43.23&amp;apos;, os.name: &amp;apos;Windows 10&amp;apos;, os.arch: &amp;apos;amd64&amp;apos;, os.version: &amp;apos;10.0&amp;apos;, java.version: &amp;apos;1.8.0_281&amp;apos;
Driver info: org.openqa.selenium.chrome.ChromeDriver
Capabilities {acceptInsecureCerts: false, browserName: chrome, browserVersion: 91.0.4472.114, chrome: {chromedriverVersion: 90.0.4430.24 (4c6d850f087da..., userDataDir: C:\Users\user\AppData\Local...}, goog:chromeOptions: {debuggerAddress: localhost:51499}, javascriptEnabled: true, networkConnectionEnabled: false, pageLoadStrategy: normal, platform: WINDOWS, platformName: WINDOWS, proxy: Proxy(), setWindowRect: true, strictFileInteractability: false, timeouts: {implicit: 0, pageLoad: 300000, script: 30000}, unhandledPromptBehavior: dismiss and notify, webauthn:extension:largeBlob: true, webauthn:virtualAuthenticators: true}
Session ID: f1e83f8371ee8a09f3592536d6024360">
      <![CDATA[org.openqa.selenium.ElementNotInteractableException: element not interactable
  (Session info: chrome=91.0.4472.114)
Build info: version: '3.141.59', revision: 'e82be7d358', time: '2018-11-14T08:17:03'
System info: host: 'DESKTOP-998S31Q', ip: '192.168.43.23', os.name: 'Windows 10', os.arch: 'amd64', os.version: '10.0', java.version: '1.8.0_281'
Driver info: org.openqa.selenium.chrome.ChromeDriver
Capabilities {acceptInsecureCerts: false, browserName: chrome, browserVersion: 91.0.4472.114, chrome: {chromedriverVersion: 90.0.4430.24 (4c6d850f087da..., userDataDir: C:\Users\user\AppData\Local...}, goog:chromeOptions: {debuggerAddress: localhost:51499}, javascriptEnabled: true, networkConnectionEnabled: false, pageLoadStrategy: normal, platform: WINDOWS, platformName: WINDOWS, proxy: Proxy(), setWindowRect: true, strictFileInteractability: false, timeouts: {implicit: 0, pageLoad: 300000, script: 30000}, unhandledPromptBehavior: dismiss and notify, webauthn:extension:largeBlob: true, webauthn:virtualAuthenticators: true}
Session ID: f1e83f8371ee8a09f3592536d6024360
at org.openqa.selenium.remote.http.W3CHttpResponseCodec.createException(W3CHttpResponseCodec.java:187)
at org.openqa.selenium.remote.http.W3CHttpResponseCodec.decode(W3CHttpResponseCodec.java:122)
at org.openqa.selenium.remote.http.W3CHttpResponseCodec.decode(W3CHttpResponseCodec.java:49)
at org.openqa.selenium.remote.HttpCommandExecutor.execute(HttpCommandExecutor.java:158)
at org.openqa.selenium.remote.service.DriverCommandExecutor.execute(DriverCommandExecutor.java:83)
at org.openqa.selenium.remote.RemoteWebDriver.execute(RemoteWebDriver.java:552)
at org.openqa.selenium.remote.RemoteWebElement.execute(RemoteWebElement.java:285)
at org.openqa.selenium.remote.RemoteWebElement.sendKeys(RemoteWebElement.java:106)
at org.openqa.selenium.support.pagefactory.internal.LocatingElementHandler.invoke(LocatingElementHandler.java:51)
at com.sun.proxy.$Proxy10.sendKeys(Unknown Source)
at elementResources.WorkersClass.inputAccountName(WorkersClass.java:222)
at ExecuteClasses.ExecuteWorkers.createNewWorker(ExecuteWorkers.java:74)
at java.util.concurrent.FutureTask.run(FutureTask.java:266)
at java.util.concurrent.ThreadPoolExecutor.runWorker(ThreadPoolExecutor.java:1149)
at java.util.concurrent.ThreadPoolExecutor$Worker.run(ThreadPoolExecutor.java:624)
at java.lang.Thread.run(Thread.java:748)
... Removed 23 stack frames]]>
    </failure>
  </testcase> <!-- createNewWorker -->
  <testcase name="executeVerifyCheckVisibilityOfBottomNext2Button" time="6.936" classname="ExecuteClasses.ExecuteWorkers"/>
  <testcase name="executeVerifyErrorMessageOfMandatoryFieldEmail" time="8.103" classname="ExecuteClasses.ExecuteWorkers"/>
  <testcase name="executeVerifyErrorMessageOfMandatoryFieldName" time="8.906" classname="ExecuteClasses.ExecuteWorkers"/>
  <testcase name="executeVerifyUpdateOfMemberFifth" time="7.848" classname="ExecuteClasses.ExecuteWorkers"/>
  <testcase name="executeVerifyUpdateOfMemberSecond" time="9.354" classname="ExecuteClasses.ExecuteWorkers"/>
  <testcase name="executeVerifyWorkerName" time="6.052" classname="ExecuteClasses.ExecuteWorkers">
    <failure type="java.lang.AssertionError" message="The following asserts failed:
	expected [Amal Xaviour] but found [Jiya Janvi1 Appu]">
      <![CDATA[java.lang.AssertionError: The following asserts failed:
expected [Amal Xaviour] but found [Jiya Janvi1 Appu]
at ExecuteClasses.ExecuteWorkers.executeVerifyWorkerName(ExecuteWorkers.java:164)
at java.util.concurrent.FutureTask.run(FutureTask.java:266)
at java.util.concurrent.ThreadPoolExecutor.runWorker(ThreadPoolExecutor.java:1149)
at java.util.concurrent.ThreadPoolExecutor$Worker.run(ThreadPoolExecutor.java:624)
at java.lang.Thread.run(Thread.java:748)
... Removed 17 stack frames]]>
    </failure>
  </testcase> <!-- executeVerifyWorkerName -->
</testsuite> <!-- Verifying Login function -->
